<?xml version="1.0" encoding="UTF-8"?>
<testng-results ignored="0" total="1" passed="1" failed="0" skipped="0">
  <reporter-output>
  </reporter-output>
  <suite started-at="2024-08-25T00:19:23 TRT" name="Surefire suite" finished-at="2024-08-25T00:19:27 TRT" duration-ms="3990">
    <groups>
    </groups>
    <test started-at="2024-08-25T00:19:23 TRT" name="Surefire test" finished-at="2024-08-25T00:19:27 TRT" duration-ms="3990">
      <class name="TestDemoqaUpload">
        <test-method signature="test01()" started-at="2024-08-25T00:19:23 TRT" name="test01" finished-at="2024-08-25T00:19:27 TRT" duration-ms="3937" status="PASS">
          <reporter-output>
          </reporter-output>
        </test-method> <!-- test01 -->
      </class> <!-- TestDemoqaUpload -->
    </test> <!-- Surefire test -->
  </suite> <!-- Surefire suite -->
</testng-results>
