<?xml version="1.0" encoding="UTF-8"?>
<testng-results ignored="0" total="1" passed="1" failed="0" skipped="0">
  <reporter-output>
  </reporter-output>
  <suite started-at="2024-08-23T16:50:52 TRT" name="Surefire suite" finished-at="2024-08-23T16:51:03 TRT" duration-ms="11110">
    <groups>
    </groups>
    <test started-at="2024-08-23T16:50:52 TRT" name="Surefire test" finished-at="2024-08-23T16:51:03 TRT" duration-ms="11110">
      <class name="TestDemoqaUpload">
        <test-method signature="test01()" started-at="2024-08-23T16:50:52 TRT" name="test01" finished-at="2024-08-23T16:51:03 TRT" duration-ms="11069" status="PASS">
          <reporter-output>
          </reporter-output>
        </test-method> <!-- test01 -->
      </class> <!-- TestDemoqaUpload -->
    </test> <!-- Surefire test -->
  </suite> <!-- Surefire suite -->
</testng-results>
